<?xml version="1.0" encoding="UTF-8"?>
<testng-results skipped="0" failed="0" ignored="0" total="1" passed="1">
  <reporter-output>
  </reporter-output>
  <suite name="Suite" duration-ms="25513" started-at="2018-03-21T15:16:38Z" finished-at="2018-03-21T15:17:04Z">
    <groups>
    </groups>
    <test name="Test" duration-ms="25513" started-at="2018-03-21T15:16:38Z" finished-at="2018-03-21T15:17:04Z">
      <class name="com.bit.macy.SmokeTest">
        <test-method status="PASS" signature="op()[pri:0, instance:com.bit.macy.SmokeTest@39aeed2f]" name="op" is-config="true" duration-ms="22527" started-at="2018-03-21T11:16:38Z" finished-at="2018-03-21T11:17:01Z">
          <reporter-output>
          </reporter-output>
        </test-method> <!-- op -->
        <test-method status="PASS" signature="test1()[pri:0, instance:com.bit.macy.SmokeTest@39aeed2f]" name="test1" duration-ms="1033" started-at="2018-03-21T11:17:01Z" finished-at="2018-03-21T11:17:02Z">
          <reporter-output>
          </reporter-output>
        </test-method> <!-- test1 -->
        <test-method status="PASS" signature="quit()[pri:0, instance:com.bit.macy.SmokeTest@39aeed2f]" name="quit" is-config="true" duration-ms="1920" started-at="2018-03-21T11:17:02Z" finished-at="2018-03-21T11:17:04Z">
          <reporter-output>
          </reporter-output>
        </test-method> <!-- quit -->
      </class> <!-- com.bit.macy.SmokeTest -->
    </test> <!-- Test -->
  </suite> <!-- Suite -->
</testng-results>
