<?xml version="1.0" encoding="UTF-8"?>
<testng-results skipped="0" failed="0" ignored="0" total="1" passed="1">
  <reporter-output>
  </reporter-output>
  <suite name="Suite" duration-ms="29386" started-at="2018-03-21T15:51:58Z" finished-at="2018-03-21T15:52:27Z">
    <groups>
    </groups>
    <test name="Test" duration-ms="29386" started-at="2018-03-21T15:51:58Z" finished-at="2018-03-21T15:52:27Z">
      <class name="com.bit.macy.SmokeTest">
        <test-method status="PASS" signature="op()[pri:0, instance:com.bit.macy.SmokeTest@39aeed2f]" name="op" is-config="true" duration-ms="25749" started-at="2018-03-21T11:51:58Z" finished-at="2018-03-21T11:52:24Z">
          <reporter-output>
          </reporter-output>
        </test-method> <!-- op -->
        <test-method status="PASS" signature="test1()[pri:0, instance:com.bit.macy.SmokeTest@39aeed2f]" name="test1" duration-ms="1171" started-at="2018-03-21T11:52:24Z" finished-at="2018-03-21T11:52:25Z">
          <reporter-output>
          </reporter-output>
        </test-method> <!-- test1 -->
        <test-method status="PASS" signature="quit()[pri:0, instance:com.bit.macy.SmokeTest@39aeed2f]" name="quit" is-config="true" duration-ms="2419" started-at="2018-03-21T11:52:25Z" finished-at="2018-03-21T11:52:27Z">
          <reporter-output>
          </reporter-output>
        </test-method> <!-- quit -->
      </class> <!-- com.bit.macy.SmokeTest -->
    </test> <!-- Test -->
  </suite> <!-- Suite -->
</testng-results>
